# JRE version: OpenJDK Runtime Environment (8.0_151-b12) (build 1.8.0_151-8u151-b12-0ubuntu0.16.04.2-b12)
# Java VM: OpenJDK 64-Bit Server VM (25.151-b12 mixed mode linux-amd64 compressed oops)
Heap:
 PSYoungGen      total 699392K, used 0K [0x0000000780000000, 0x00000007c0000000, 0x00000007c0000000)
  eden space 350208K, 0% used [0x0000000780000000,0x0000000780000000,0x0000000795600000)
  from space 349184K, 0% used [0x0000000795600000,0x0000000795600000,0x00000007aab00000)
  to   space 349184K, 0% used [0x00000007aab00000,0x00000007aab00000,0x00000007c0000000)
 ParOldGen       total 1447936K, used 1051899K [0x0000000700000000, 0x0000000758600000, 0x0000000780000000)
  object space 1447936K, 72% used [0x0000000700000000,0x000000074033ece0,0x0000000758600000)
 Metaspace       used 35583K, capacity 36796K, committed 37376K, reserved 1081344K
  class space    used 4227K, capacity 4454K, committed 4608K, reserved 1048576K
GC Heap History (10 events):
Event: 2641.459 GC heap after
Heap after GC invocations=1347 (full 28):
 PSYoungGen      total 699392K, used 33920K [0x0000000780000000, 0x00000007c0000000, 0x00000007c0000000)
  eden space 350208K, 0% used [0x0000000780000000,0x0000000780000000,0x0000000795600000)
  from space 349184K, 9% used [0x0000000795600000,0x0000000797720360,0x00000007aab00000)
  to   space 349184K, 0% used [0x00000007aab00000,0x00000007aab00000,0x00000007c0000000)
 ParOldGen       total 1447936K, used 1047524K [0x0000000700000000, 0x0000000758600000, 0x0000000780000000)
  object space 1447936K, 72% used [0x0000000700000000,0x000000073fef93e8,0x0000000758600000)
 Metaspace       used 35583K, capacity 36796K, committed 37376K, reserved 1081344K
  class space    used 4227K, capacity 4454K, committed 4608K, reserved 1048576K
}
Event: 2653.148 GC heap before
{Heap before GC invocations=1348 (full 28):
 PSYoungGen      total 699392K, used 384128K [0x0000000780000000, 0x00000007c0000000, 0x00000007c0000000)
  eden space 350208K, 100% used [0x0000000780000000,0x0000000795600000,0x0000000795600000)
  from space 349184K, 9% used [0x0000000795600000,0x0000000797720360,0x00000007aab00000)
  to   space 349184K, 0% used [0x00000007aab00000,0x00000007aab00000,0x00000007c0000000)
 ParOldGen       total 1447936K, used 1047524K [0x0000000700000000, 0x0000000758600000, 0x0000000780000000)
  object space 1447936K, 72% used [0x0000000700000000,0x000000073fef93e8,0x0000000758600000)
 Metaspace       used 35583K, capacity 36796K, committed 37376K, reserved 1081344K
  class space    used 4227K, capacity 4454K, committed 4608K, reserved 1048576K
Event: 2653.225 GC heap after
Heap after GC invocations=1348 (full 28):
 PSYoungGen      total 699392K, used 29184K [0x0000000780000000, 0x00000007c0000000, 0x00000007c0000000)
  eden space 350208K, 0% used [0x0000000780000000,0x0000000780000000,0x0000000795600000)
  from space 349184K, 8% used [0x00000007aab00000,0x00000007ac780000,0x00000007c0000000)
  to   space 349184K, 0% used [0x0000000795600000,0x0000000795600000,0x00000007aab00000)
 ParOldGen       total 1447936K, used 1069704K [0x0000000700000000, 0x0000000758600000, 0x0000000780000000)
  object space 1447936K, 73% used [0x0000000700000000,0x00000007414a2028,0x0000000758600000)
 Metaspace       used 35583K, capacity 36796K, committed 37376K, reserved 1081344K
  class space    used 4227K, capacity 4454K, committed 4608K, reserved 1048576K
}
Event: 2666.062 GC heap before
{Heap before GC invocations=1349 (full 28):
 PSYoungGen      total 699392K, used 379392K [0x0000000780000000, 0x00000007c0000000, 0x00000007c0000000)
  eden space 350208K, 100% used [0x0000000780000000,0x0000000795600000,0x0000000795600000)
  from space 349184K, 8% used [0x00000007aab00000,0x00000007ac780000,0x00000007c0000000)
  to   space 349184K, 0% used [0x0000000795600000,0x0000000795600000,0x00000007aab00000)
 ParOldGen       total 1447936K, used 1069704K [0x0000000700000000, 0x0000000758600000, 0x0000000780000000)
  object space 1447936K, 73% used [0x0000000700000000,0x00000007414a2028,0x0000000758600000)
 Metaspace       used 35583K, capacity 36796K, committed 37376K, reserved 1081344K
  class space    used 4227K, capacity 4454K, committed 4608K, reserved 1048576K
Event: 2666.115 GC heap after
Heap after GC invocations=1349 (full 28):
 PSYoungGen      total 699392K, used 44256K [0x0000000780000000, 0x00000007c0000000, 0x00000007c0000000)
  eden space 350208K, 0% used [0x0000000780000000,0x0000000780000000,0x0000000795600000)
  from space 349184K, 12% used [0x0000000795600000,0x0000000798138000,0x00000007aab00000)
  to   space 349184K, 0% used [0x00000007aab00000,0x00000007aab00000,0x00000007c0000000)
 ParOldGen       total 1447936K, used 1080328K [0x0000000700000000, 0x0000000758600000, 0x0000000780000000)
  object space 1447936K, 74% used [0x0000000700000000,0x0000000741f02028,0x0000000758600000)
 Metaspace       used 35583K, capacity 36796K, committed 37376K, reserved 1081344K
  class space    used 4227K, capacity 4454K, committed 4608K, reserved 1048576K
}
Event: 2667.506 GC heap before
{Heap before GC invocations=1350 (full 28):
 PSYoungGen      total 699392K, used 394464K [0x0000000780000000, 0x00000007c0000000, 0x00000007c0000000)
  eden space 350208K, 100% used [0x0000000780000000,0x0000000795600000,0x0000000795600000)
  from space 349184K, 12% used [0x0000000795600000,0x0000000798138000,0x00000007aab00000)
  to   space 349184K, 0% used [0x00000007aab00000,0x00000007aab00000,0x00000007c0000000)
 ParOldGen       total 1447936K, used 1080328K [0x0000000700000000, 0x0000000758600000, 0x0000000780000000)
  object space 1447936K, 74% used [0x0000000700000000,0x0000000741f02028,0x0000000758600000)
 Metaspace       used 35583K, capacity 36796K, committed 37376K, reserved 1081344K
  class space    used 4227K, capacity 4454K, committed 4608K, reserved 1048576K
Event: 2667.610 GC heap after
Heap after GC invocations=1350 (full 28):
 PSYoungGen      total 699392K, used 290483K [0x0000000780000000, 0x00000007c0000000, 0x00000007c0000000)
  eden space 350208K, 0% used [0x0000000780000000,0x0000000780000000,0x0000000795600000)
  from space 349184K, 83% used [0x00000007aab00000,0x00000007bc6acc30,0x00000007c0000000)
  to   space 349184K, 0% used [0x0000000795600000,0x0000000795600000,0x00000007aab00000)
 ParOldGen       total 1447936K, used 1118497K [0x0000000700000000, 0x0000000758600000, 0x0000000780000000)
  object space 1447936K, 77% used [0x0000000700000000,0x0000000744448588,0x0000000758600000)
 Metaspace       used 35583K, capacity 36796K, committed 37376K, reserved 1081344K
  class space    used 4227K, capacity 4454K, committed 4608K, reserved 1048576K
}
Event: 2667.679 GC heap before
{Heap before GC invocations=1351 (full 28):
 PSYoungGen      total 699392K, used 640691K [0x0000000780000000, 0x00000007c0000000, 0x00000007c0000000)
  eden space 350208K, 100% used [0x0000000780000000,0x0000000795600000,0x0000000795600000)
  from space 349184K, 83% used [0x00000007aab00000,0x00000007bc6acc30,0x00000007c0000000)
  to   space 349184K, 0% used [0x0000000795600000,0x0000000795600000,0x00000007aab00000)
 ParOldGen       total 1447936K, used 1118497K [0x0000000700000000, 0x0000000758600000, 0x0000000780000000)
  object space 1447936K, 77% used [0x0000000700000000,0x0000000744448588,0x0000000758600000)
 Metaspace       used 35583K, capacity 36796K, committed 37376K, reserved 1081344K
  class space    used 4227K, capacity 4454K, committed 4608K, reserved 1048576K
Event: 2667.977 GC heap after
Heap after GC invocations=1351 (full 28):
 PSYoungGen      total 699392K, used 319748K [0x0000000780000000, 0x00000007c0000000, 0x00000007c0000000)
  eden space 350208K, 0% used [0x0000000780000000,0x0000000780000000,0x0000000795600000)
  from space 349184K, 91% used [0x0000000795600000,0x00000007a8e413e0,0x00000007aab00000)
  to   space 349184K, 0% used [0x00000007aab00000,0x00000007aab00000,0x00000007c0000000)
 ParOldGen       total 1447936K, used 1398549K [0x0000000700000000, 0x0000000758600000, 0x0000000780000000)
  object space 1447936K, 96% used [0x0000000700000000,0x00000007555c56a8,0x0000000758600000)
 Metaspace       used 35583K, capacity 36796K, committed 37376K, reserved 1081344K
  class space    used 4227K, capacity 4454K, committed 4608K, reserved 1048576K
}
Event: 2667.979 GC heap before
{Heap before GC invocations=1352 (full 29):
 PSYoungGen      total 699392K, used 319748K [0x0000000780000000, 0x00000007c0000000, 0x00000007c0000000)
  eden space 350208K, 0% used [0x0000000780000000,0x0000000780000000,0x0000000795600000)
  from space 349184K, 91% used [0x0000000795600000,0x00000007a8e413e0,0x00000007aab00000)
  to   space 349184K, 0% used [0x00000007aab00000,0x00000007aab00000,0x00000007c0000000)
 ParOldGen       total 1447936K, used 1398549K [0x0000000700000000, 0x0000000758600000, 0x0000000780000000)
  object space 1447936K, 96% used [0x0000000700000000,0x00000007555c56a8,0x0000000758600000)
 Metaspace       used 35583K, capacity 36796K, committed 37376K, reserved 1081344K
  class space    used 4227K, capacity 4454K, committed 4608K, reserved 1048576K

